<?xml version="1.0" encoding="UTF-8"?>
<!-- Generated by org.testng.reporters.JUnitXMLReporter -->
<testsuite hostname="SHASHI-PC" name="Default test" tests="5" failures="0" timestamp="5 Jul 2022 11:29:52 GMT" time="71.538" errors="0">
  <testcase name="ApplicationHomePage" time="44.069" classname="com.testcases.MultiBrowser"/>
  <testcase name="search" time="5.305" classname="com.testcases.MultiBrowser"/>
  <testcase name="holidayTrip" time="2.698" classname="com.testcases.MultiBrowser"/>
  <testcase name="bookOnline" time="4.93" classname="com.testcases.MultiBrowser"/>
  <testcase name="passengerDetails" time="14.51" classname="com.testcases.MultiBrowser"/>
</testsuite> <!-- Default test -->
