<?xml version="1.0" encoding="UTF-8"?>
<!-- Generated by org.testng.reporters.JUnitXMLReporter -->
<testsuite hostname="Ponnuswamy" name="ChromeTest" tests="5" failures="0" timestamp="4 Jul 2022 18:53:31 GMT" time="49.629" errors="0">
  <testcase name="ApplicationHomePage" time="18.248" classname="com.testcases.MultiBrowser"/>
  <testcase name="search" time="5.006" classname="com.testcases.MultiBrowser"/>
  <testcase name="holidayTrip" time="3.26" classname="com.testcases.MultiBrowser"/>
  <testcase name="bookOnline" time="6.797" classname="com.testcases.MultiBrowser"/>
  <testcase name="passengerDetails" time="16.303" classname="com.testcases.MultiBrowser"/>
</testsuite> <!-- ChromeTest -->
